<?xml version="1.0" encoding="UTF-8"?>
<!-- Generated by org.testng.reporters.JUnitXMLReporter -->
<testsuite ignored="0" hostname="DESKTOP-LEE528R" failures="0" tests="4" name="Test" time="36.039" errors="0" timestamp="2023-06-13T23:11:18 IST">
  <testcase classname="com.obsquera.testScripts.ManagePageTest" name="userIsAbleToEnterDatasToListPage" time="5.473"/>
  <testcase classname="com.obsquera.testScripts.ManagePageTest" name="checkWhetherUserIsAbleToSearchPagesInManagePages" time="2.325"/>
  <testcase classname="com.obsquera.testScripts.ManagePageTest" name="checkWhetherUserIsAbleToEditPagesInManagePages" time="3.747"/>
  <testcase classname="com.obsquera.testScripts.ManagePageTest" name="checkwhetherUserCanAbleToDeleteAddedEntryInManagePages" time="2.884"/>
</testsuite> <!-- Test -->
