<?xml version="1.0" encoding="UTF-8"?>
<!-- Generated by org.testng.reporters.JUnitXMLReporter -->
<testsuite ignored="0" hostname="DESKTOP-LEE528R" failures="0" tests="3" name="Test" time="28.556" errors="0" timestamp="2023-06-15T23:13:06 IST">
  <testcase classname="com.obsquera.testScripts.ManageDeliveryBoyTest" name="userIsAbleToAddDatasToListDeliveryBoy" time="4.851"/>
  <testcase classname="com.obsquera.testScripts.ManageDeliveryBoyTest" name="checkWhetherUserIsAbleToSearchNamesInDeliveryBoyPages" time="2.361"/>
  <testcase classname="com.obsquera.testScripts.ManageDeliveryBoyTest" name="checkWhetherUserIsAbleToUpdateStatusInDeliveryBoyListPage" time="2.395"/>
</testsuite> <!-- Test -->
