<?xml version="1.0" encoding="UTF-8"?>
<!-- Generated by org.testng.reporters.JUnitXMLReporter -->
<testsuite ignored="0" hostname="DESKTOP-LEE528R" failures="2" tests="5" name="Test" time="39.492" errors="0" timestamp="2023-06-13T08:30:42 IST">
  <testcase classname="com.obsquera.testScripts.LoginTest" name="verifyTheUserCanAbletoLoginwithValidusernameandValidPasswordWhileClickonSignInButton" time="0.238">
    <failure type="org.apache.poi.openxml4j.exceptions.NotOfficeXmlFileException" message="No valid entries or contents found, this is not a valid OOXML (Office Open XML) file">
      <![CDATA[org.apache.poi.openxml4j.exceptions.NotOfficeXmlFileException: No valid entries or contents found, this is not a valid OOXML (Office Open XML) file
at org.apache.poi.openxml4j.opc.ZipPackage.getPartsImpl(ZipPackage.java:286)
at org.apache.poi.openxml4j.opc.OPCPackage.getParts(OPCPackage.java:756)
at org.apache.poi.openxml4j.opc.OPCPackage.open(OPCPackage.java:327)
at org.apache.poi.util.PackageHelper.open(PackageHelper.java:37)
at org.apache.poi.xssf.usermodel.XSSFWorkbook.<init>(XSSFWorkbook.java:295)
at com.obsquera.utilities.ExcelUtility.getString(ExcelUtility.java:94)
at com.obsquera.testScripts.LoginTest.verifyTheUserCanAbletoLoginwithValidusernameandValidPasswordWhileClickonSignInButton(LoginTest.java:23)
at java.base/java.util.concurrent.ThreadPoolExecutor.runWorker(ThreadPoolExecutor.java:1136)
at java.base/java.util.concurrent.ThreadPoolExecutor$Worker.run(ThreadPoolExecutor.java:635)
at java.base/java.lang.Thread.run(Thread.java:833)
... Removed 12 stack frames]]>
    </failure>
  </testcase> <!-- verifyTheUserCanAbletoLoginwithValidusernameandValidPasswordWhileClickonSignInButton -->
  <testcase classname="com.obsquera.testScripts.ManagePageTest" name="checkWhetherUserIsAbleToSearchPagesInManagePages" time="0.301">
    <failure type="java.lang.NullPointerException" message="Cannot invoke &amp;quot;org.apache.poi.xssf.usermodel.XSSFWorkbook.getSheet(String)&amp;quot; because &amp;quot;com.obsquera.utilities.ExcelUtility.wb&amp;quot; is null">
      <![CDATA[java.lang.NullPointerException: Cannot invoke "org.apache.poi.xssf.usermodel.XSSFWorkbook.getSheet(String)" because "com.obsquera.utilities.ExcelUtility.wb" is null
at com.obsquera.utilities.ExcelUtility.getString(ExcelUtility.java:99)
at com.obsquera.testScripts.ManagePageTest.checkWhetherUserIsAbleToSearchPagesInManagePages(ManagePageTest.java:18)
at java.base/java.util.concurrent.ThreadPoolExecutor.runWorker(ThreadPoolExecutor.java:1136)
at java.base/java.util.concurrent.ThreadPoolExecutor$Worker.run(ThreadPoolExecutor.java:635)
at java.base/java.lang.Thread.run(Thread.java:833)
... Removed 12 stack frames]]>
    </failure>
  </testcase> <!-- checkWhetherUserIsAbleToSearchPagesInManagePages -->
  <testcase classname="com.obsquera.testScripts.LoginTest" name="verifyTheUserCannotBeAbletoLoginwithInValidusernameandInValidPasswordWhileClickonSignInButton" time="3.217"/>
  <testcase classname="com.obsquera.testScripts.LoginTest" name="verifyTheUserCannotBeAbletoLoginwithInValidusernameandValidPasswordWhileClickonSignInButton" time="1.687"/>
  <testcase classname="com.obsquera.testScripts.LoginTest" name="verifyTheUserCannotBeAbletoLoginwithValidusernameandInValidPasswordWhileClickonSignInButton" time="1.254"/>
</testsuite> <!-- Test -->
