<?xml version="1.0" encoding="UTF-8"?>
<!-- Generated by org.testng.reporters.JUnitXMLReporter -->
<testsuite ignored="3" hostname="DESKTOP-LEE528R" failures="0" tests="1" name="Test2" time="20.837" errors="0" timestamp="2023-06-13T08:22:06 IST">
  <testcase classname="com.obsquera.testScripts.LoginTest" name="verifyTheUserCannotBeAbletoLoginwithValidusernameandInValidPasswordWhileClickonSignInButton" time="3.223"/>
  <testcase classname="com.obsquera.testScripts.LoginTest" name="verifyTheUserCannotBeAbletoLoginwithInValidusernameandValidPasswordWhileClickonSignInButton" time="0.0">
    <ignored/>
  </testcase> <!-- verifyTheUserCannotBeAbletoLoginwithInValidusernameandValidPasswordWhileClickonSignInButton -->
  <testcase classname="com.obsquera.testScripts.LoginTest" name="verifyTheUserCanAbletoLoginwithValidusernameandValidPasswordWhileClickonSignInButton" time="0.0">
    <ignored/>
  </testcase> <!-- verifyTheUserCanAbletoLoginwithValidusernameandValidPasswordWhileClickonSignInButton -->
  <testcase classname="com.obsquera.testScripts.LoginTest" name="verifyTheUserCannotBeAbletoLoginwithInValidusernameandInValidPasswordWhileClickonSignInButton" time="0.0">
    <ignored/>
  </testcase> <!-- verifyTheUserCannotBeAbletoLoginwithInValidusernameandInValidPasswordWhileClickonSignInButton -->
</testsuite> <!-- Test2 -->
