<?xml version="1.0" encoding="UTF-8"?>
<testng-results ignored="4" total="5" passed="1" failed="0" skipped="0">
  <reporter-output>
  </reporter-output>
  <suite started-at="2023-06-14T23:55:24 IST" name="Suite" finished-at="2023-06-14T23:55:35 IST" duration-ms="11778">
    <groups>
    </groups>
    <test started-at="2023-06-14T23:55:24 IST" name="Test" finished-at="2023-06-14T23:55:35 IST" duration-ms="11778">
      <class name="com.obsquera.testScripts.ManagePageTest">
        <test-method is-config="true" signature="initializeBrowser(java.lang.String)[pri:0, instance:com.obsquera.testScripts.ManagePageTest@22f31dec]" started-at="2023-06-14T23:55:24 IST" name="initializeBrowser" finished-at="2023-06-14T23:55:31 IST" duration-ms="7340" status="PASS">
          <params>
            <param index="0">
              <value>
                <![CDATA[chrome]]>
              </value>
            </param>
          </params>
          <reporter-output>
          </reporter-output>
        </test-method> <!-- initializeBrowser -->
        <test-method signature="checkWhetherUserIsGettingNoResultFoundWhileSearchWithNonExistingPagesInManagePages(java.lang.String)[pri:0, instance:com.obsquera.testScripts.ManagePageTest@22f31dec]" started-at="2023-06-14T23:55:31 IST" name="checkWhetherUserIsGettingNoResultFoundWhileSearchWithNonExistingPagesInManagePages" description="TC5_Verify that user is getting no result found if search with not existing page in list page" finished-at="2023-06-14T23:55:35 IST" duration-ms="3865" status="PASS">
          <params>
            <param index="0">
              <value>
                <![CDATA[.........RESULT NOT FOUND.......]]>
              </value>
            </param>
          </params>
          <reporter-output>
          </reporter-output>
        </test-method> <!-- checkWhetherUserIsGettingNoResultFoundWhileSearchWithNonExistingPagesInManagePages -->
        <test-method is-config="true" signature="browserQuit(org.testng.ITestResult)[pri:0, instance:com.obsquera.testScripts.ManagePageTest@22f31dec]" started-at="2023-06-14T23:55:35 IST" name="browserQuit" finished-at="2023-06-14T23:55:35 IST" duration-ms="502" status="PASS">
          <params>
            <param index="0">
              <value>
                <![CDATA[[TestResult name=checkWhetherUserIsGettingNoResultFoundWhileSearchWithNonExistingPagesInManagePages status=SUCCESS method=ManagePageTest.checkWhetherUserIsGettingNoResultFoundWhileSearchWithNonExistingPagesInManagePages(java.lang.String)[pri:0, instance:com.obsquera.testScripts.ManagePageTest@22f31dec] output={null}]]]>
              </value>
            </param>
          </params>
          <reporter-output>
          </reporter-output>
        </test-method> <!-- browserQuit -->
      </class> <!-- com.obsquera.testScripts.ManagePageTest -->
    </test> <!-- Test -->
  </suite> <!-- Suite -->
</testng-results>
