<?xml version="1.0" encoding="UTF-8"?>
<testng-results ignored="0" total="3" passed="3" failed="0" skipped="0">
  <reporter-output>
  </reporter-output>
  <suite started-at="2023-06-15T23:12:38 IST" name="Suite" finished-at="2023-06-15T23:13:06 IST" duration-ms="28556">
    <groups>
    </groups>
    <test started-at="2023-06-15T23:12:38 IST" name="Test" finished-at="2023-06-15T23:13:06 IST" duration-ms="28556">
      <class name="com.obsquera.testScripts.ManageDeliveryBoyTest">
        <test-method is-config="true" signature="initializeBrowser(java.lang.String)[pri:0, instance:com.obsquera.testScripts.ManageDeliveryBoyTest@50d13246]" started-at="2023-06-15T23:12:38 IST" name="initializeBrowser" finished-at="2023-06-15T23:12:45 IST" duration-ms="7717" status="PASS">
          <params>
            <param index="0">
              <value>
                <![CDATA[chrome]]>
              </value>
            </param>
          </params>
          <reporter-output>
          </reporter-output>
        </test-method> <!-- initializeBrowser -->
        <test-method signature="userIsAbleToAddDatasToListDeliveryBoy(java.lang.String,java.lang.String)[pri:0, instance:com.obsquera.testScripts.ManageDeliveryBoyTest@50d13246]" started-at="2023-06-15T23:12:45 IST" name="userIsAbleToAddDatasToListDeliveryBoy" description="TC6_Verify user is able to add datas to delivery boy list" finished-at="2023-06-15T23:12:50 IST" duration-ms="4851" status="PASS">
          <params>
            <param index="0">
              <value>
                <![CDATA[Globy]]>
              </value>
            </param>
            <param index="1">
              <value>
                <![CDATA[GY]]>
              </value>
            </param>
          </params>
          <reporter-output>
          </reporter-output>
        </test-method> <!-- userIsAbleToAddDatasToListDeliveryBoy -->
        <test-method is-config="true" signature="browserQuit(org.testng.ITestResult)[pri:0, instance:com.obsquera.testScripts.ManageDeliveryBoyTest@50d13246]" started-at="2023-06-15T23:12:50 IST" name="browserQuit" finished-at="2023-06-15T23:12:51 IST" duration-ms="622" status="PASS">
          <params>
            <param index="0">
              <value>
                <![CDATA[[TestResult name=userIsAbleToAddDatasToListDeliveryBoy status=SUCCESS method=ManageDeliveryBoyTest.userIsAbleToAddDatasToListDeliveryBoy(java.lang.String,java.lang.String)[pri:0, instance:com.obsquera.testScripts.ManageDeliveryBoyTest@50d13246] output={null}]]]>
              </value>
            </param>
          </params>
          <reporter-output>
          </reporter-output>
        </test-method> <!-- browserQuit -->
        <test-method is-config="true" signature="initializeBrowser(java.lang.String)[pri:0, instance:com.obsquera.testScripts.ManageDeliveryBoyTest@50d13246]" started-at="2023-06-15T23:12:51 IST" name="initializeBrowser" finished-at="2023-06-15T23:12:56 IST" duration-ms="5434" status="PASS">
          <params>
            <param index="0">
              <value>
                <![CDATA[chrome]]>
              </value>
            </param>
          </params>
          <reporter-output>
          </reporter-output>
        </test-method> <!-- initializeBrowser -->
        <test-method signature="checkWhetherUserIsAbleToSearchNamesInDeliveryBoyPages(java.lang.String)[pri:0, instance:com.obsquera.testScripts.ManageDeliveryBoyTest@50d13246]" started-at="2023-06-15T23:12:56 IST" name="checkWhetherUserIsAbleToSearchNamesInDeliveryBoyPages" description="TC7_Verify user is able to search names in list Delivery Boy page" data-provider="LoginProvider" finished-at="2023-06-15T23:12:59 IST" duration-ms="2361" status="PASS">
          <params>
            <param index="0">
              <value>
                <![CDATA[Globy]]>
              </value>
            </param>
          </params>
          <reporter-output>
          </reporter-output>
        </test-method> <!-- checkWhetherUserIsAbleToSearchNamesInDeliveryBoyPages -->
        <test-method is-config="true" signature="browserQuit(org.testng.ITestResult)[pri:0, instance:com.obsquera.testScripts.ManageDeliveryBoyTest@50d13246]" started-at="2023-06-15T23:12:59 IST" name="browserQuit" finished-at="2023-06-15T23:12:59 IST" duration-ms="489" status="PASS">
          <params>
            <param index="0">
              <value>
                <![CDATA[[TestResult name=checkWhetherUserIsAbleToSearchNamesInDeliveryBoyPages status=SUCCESS method=ManageDeliveryBoyTest.checkWhetherUserIsAbleToSearchNamesInDeliveryBoyPages(java.lang.String)[pri:0, instance:com.obsquera.testScripts.ManageDeliveryBoyTest@50d13246] output={null}]]]>
              </value>
            </param>
          </params>
          <reporter-output>
          </reporter-output>
        </test-method> <!-- browserQuit -->
        <test-method is-config="true" signature="initializeBrowser(java.lang.String)[pri:0, instance:com.obsquera.testScripts.ManageDeliveryBoyTest@50d13246]" started-at="2023-06-15T23:12:59 IST" name="initializeBrowser" finished-at="2023-06-15T23:13:03 IST" duration-ms="4166" status="PASS">
          <params>
            <param index="0">
              <value>
                <![CDATA[chrome]]>
              </value>
            </param>
          </params>
          <reporter-output>
          </reporter-output>
        </test-method> <!-- initializeBrowser -->
        <test-method signature="checkWhetherUserIsAbleToUpdateStatusInDeliveryBoyListPage()[pri:0, instance:com.obsquera.testScripts.ManageDeliveryBoyTest@50d13246]" started-at="2023-06-15T23:13:03 IST" name="checkWhetherUserIsAbleToUpdateStatusInDeliveryBoyListPage" description="TC8_Verify that user can able to update the status in delivery boy list page" finished-at="2023-06-15T23:13:06 IST" duration-ms="2395" status="PASS">
          <reporter-output>
          </reporter-output>
        </test-method> <!-- checkWhetherUserIsAbleToUpdateStatusInDeliveryBoyListPage -->
        <test-method is-config="true" signature="browserQuit(org.testng.ITestResult)[pri:0, instance:com.obsquera.testScripts.ManageDeliveryBoyTest@50d13246]" started-at="2023-06-15T23:13:06 IST" name="browserQuit" finished-at="2023-06-15T23:13:06 IST" duration-ms="419" status="PASS">
          <params>
            <param index="0">
              <value>
                <![CDATA[[TestResult name=checkWhetherUserIsAbleToUpdateStatusInDeliveryBoyListPage status=SUCCESS method=ManageDeliveryBoyTest.checkWhetherUserIsAbleToUpdateStatusInDeliveryBoyListPage()[pri:0, instance:com.obsquera.testScripts.ManageDeliveryBoyTest@50d13246] output={null}]]]>
              </value>
            </param>
          </params>
          <reporter-output>
          </reporter-output>
        </test-method> <!-- browserQuit -->
      </class> <!-- com.obsquera.testScripts.ManageDeliveryBoyTest -->
    </test> <!-- Test -->
  </suite> <!-- Suite -->
</testng-results>
