<?xml version="1.0" encoding="UTF-8"?>
<!-- Generated by org.testng.reporters.JUnitXMLReporter -->
<testsuite ignored="3" hostname="DESKTOP-LEE528R" failures="0" tests="1" name="Chrome Test" time="34.332" errors="0" timestamp="2023-06-13T08:13:34 IST">
  <testcase classname="com.obsquera.testScripts.LoginTest" name="verifyTheUserCanAbletoLoginwithValidusernameandValidPasswordWhileClickonSignInButton" time="6.408"/>
  <testcase classname="com.obsquera.testScripts.LoginTest" name="verifyTheUserCannotBeAbletoLoginwithInValidusernameandValidPasswordWhileClickonSignInButton" time="0.0">
    <ignored/>
  </testcase> <!-- verifyTheUserCannotBeAbletoLoginwithInValidusernameandValidPasswordWhileClickonSignInButton -->
  <testcase classname="com.obsquera.testScripts.LoginTest" name="verifyTheUserCannotBeAbletoLoginwithValidusernameandInValidPasswordWhileClickonSignInButton" time="0.0">
    <ignored/>
  </testcase> <!-- verifyTheUserCannotBeAbletoLoginwithValidusernameandInValidPasswordWhileClickonSignInButton -->
  <testcase classname="com.obsquera.testScripts.LoginTest" name="verifyTheUserCannotBeAbletoLoginwithInValidusernameandInValidPasswordWhileClickonSignInButton" time="0.0">
    <ignored/>
  </testcase> <!-- verifyTheUserCannotBeAbletoLoginwithInValidusernameandInValidPasswordWhileClickonSignInButton -->
</testsuite> <!-- Chrome Test -->
