<?xml version="1.0" encoding="UTF-8"?>
<!-- Generated by org.testng.reporters.JUnitXMLReporter -->
<testsuite ignored="2" hostname="DESKTOP-LEE528R" failures="0" tests="2" name="Test" time="28.708" errors="0" timestamp="2023-06-16T08:32:34 IST">
  <testcase classname="com.obsquera.testScripts.LoginTest" name="verifyTheUserCanAbletoLoginwithValidusernameandValidPasswordWhileClickonSignInButton" time="4.24"/>
  <testcase classname="com.obsquera.testScripts.LoginTest" name="verifyTheUserCannotBeAbletoLoginwithInValidusernameandValidPasswordWhileClickonSignInButton" time="1.82"/>
  <testcase classname="com.obsquera.testScripts.LoginTest" name="verifyTheUserCannotBeAbletoLoginwithValidusernameandInValidPasswordWhileClickonSignInButton" time="0.0">
    <ignored/>
  </testcase> <!-- verifyTheUserCannotBeAbletoLoginwithValidusernameandInValidPasswordWhileClickonSignInButton -->
  <testcase classname="com.obsquera.testScripts.LoginTest" name="verifyTheUserCannotBeAbletoLoginwithInValidusernameandInValidPasswordWhileClickonSignInButton" time="0.0">
    <ignored/>
  </testcase> <!-- verifyTheUserCannotBeAbletoLoginwithInValidusernameandInValidPasswordWhileClickonSignInButton -->
</testsuite> <!-- Test -->
